Using pre-set license
Built from '2020.3/release' branch; Version is '2020.3.7f1 (dd97f2c94397) revision 14522354'; Using compiler version '192528614'; Build Type 'Release'
OS: 'Windows 10 Home; OS build 19042.1052; Version 2009; 64bit' Language: 'en' Physical Memory: 32583 MB
BatchMode: 1, IsHumanControllingUs: 0, StartBugReporterOnCrash: 0, Is64bit: 1, IsPro: 0

 COMMAND LINE ARGUMENTS:
C:\Program Files\Unity\Hub\Editor\2020.3.7f1\Editor\Unity.exe
-adb2
-batchMode
-noUpm
-name
AssetImportWorker0
-projectPath
C:/Users/tyler/Documents/Unity Projects/Repos/GitCourse/Git Course Section 4
-logFile
Logs/AssetImportWorker0.log
-srvPort
57397
Successfully changed project path to: C:/Users/tyler/Documents/Unity Projects/Repos/GitCourse/Git Course Section 4
C:/Users/tyler/Documents/Unity Projects/Repos/GitCourse/Git Course Section 4
Using Asset Import Pipeline V2.
Refreshing native plugins compatible for Editor in 23.57 ms, found 2 plugins.
Preloading 0 native plugins for Editor in 0.00 ms.
Initialize engine version: 2020.3.7f1 (dd97f2c94397)
[Subsystems] Discovering subsystems at path C:/Program Files/Unity/Hub/Editor/2020.3.7f1/Editor/Data/Resources/UnitySubsystems
[Subsystems] Discovering subsystems at path C:/Users/tyler/Documents/Unity Projects/Repos/GitCourse/Git Course Section 4/Assets
GfxDevice: creating device client; threaded=0
Direct3D:
    Version:  Direct3D 11.0 [level 11.1]
    Renderer: NVIDIA GeForce RTX 3080 Laptop GPU (ID=0x249c)
    Vendor:   
    VRAM:     16201 MB
    Driver:   27.21.14.6589
Initialize mono
Mono path[0] = 'C:/Program Files/Unity/Hub/Editor/2020.3.7f1/Editor/Data/Managed'
Mono path[1] = 'C:/Program Files/Unity/Hub/Editor/2020.3.7f1/Editor/Data/MonoBleedingEdge/lib/mono/unityjit'
Mono config path = 'C:/Program Files/Unity/Hub/Editor/2020.3.7f1/Editor/Data/MonoBleedingEdge/etc'
Using monoOptions --debugger-agent=transport=dt_socket,embedding=1,server=y,suspend=n,address=127.0.0.1:56148
Begin MonoManager ReloadAssembly
Registering precompiled unity dll's ...
Register platform support module: C:/Program Files/Unity/Hub/Editor/2020.3.7f1/Editor/Data/PlaybackEngines/WebGLSupport/UnityEditor.WebGL.Extensions.dll
Register platform support module: C:/Program Files/Unity/Hub/Editor/2020.3.7f1/Editor/Data/PlaybackEngines/MacStandaloneSupport/UnityEditor.OSXStandalone.Extensions.dll
Register platform support module: C:/Program Files/Unity/Hub/Editor/2020.3.7f1/Editor/Data/PlaybackEngines/WindowsStandaloneSupport/UnityEditor.WindowsStandalone.Extensions.dll
Register platform support module: C:/Program Files/Unity/Hub/Editor/2020.3.7f1/Editor/Data/PlaybackEngines/LinuxStandaloneSupport/UnityEditor.LinuxStandalone.Extensions.dll
Register platform support module: C:/Program Files/Unity/Hub/Editor/2020.3.7f1/Editor/Data/PlaybackEngines/LuminSupport/UnityEditor.Lumin.Extensions.dll
Registered in 0.003454 seconds.
Native extension for Lumin target not found
Native extension for LinuxStandalone target not found
Native extension for WindowsStandalone target not found
Native extension for OSXStandalone target not found
Native extension for WebGL target not found
Refreshing native plugins compatible for Editor in 22.67 ms, found 2 plugins.
Preloading 0 native plugins for Editor in 0.00 ms.
Mono: successfully reloaded assembly
- Completed reload, in  1.900 seconds
Platform modules already initialized, skipping
Registering precompiled user dll's ...
Registered in 0.006339 seconds.
Begin MonoManager ReloadAssembly
Native extension for Lumin target not found
Native extension for LinuxStandalone target not found
Native extension for WindowsStandalone target not found
Native extension for OSXStandalone target not found
Native extension for WebGL target not found
Refreshing native plugins compatible for Editor in 0.28 ms, found 2 plugins.
Preloading 0 native plugins for Editor in 0.00 ms.
Mono: successfully reloaded assembly
- Completed reload, in  0.845 seconds
Platform modules already initialized, skipping
========================================================================
Worker process is ready to serve import requests
Launched and connected shader compiler UnityShaderCompiler.exe after 0.03 seconds
Refreshing native plugins compatible for Editor in 0.39 ms, found 2 plugins.
Preloading 0 native plugins for Editor in 0.00 ms.
Unloading 1135 Unused Serialized files (Serialized files now loaded: 0)
System memory in use before: 58.1 MB.
System memory in use after: 58.1 MB.

Unloading 27 unused Assets to reduce memory usage. Loaded Objects now: 1601.
Total: 1.598300 ms (FindLiveObjects: 0.205100 ms CreateObjectMapping: 0.092600 ms MarkObjects: 1.234500 ms  DeleteObjects: 0.065100 ms)

========================================================================
Received Import Request.
  path: Assets/Moving Obstacle.prefab
  artifactKey: Guid(7c712204cac2d7747b036db5a9299218) Importer(815301076,1909f56bfc062723c751e8b465ee728b)
Start importing Assets/Moving Obstacle.prefab using Guid(7c712204cac2d7747b036db5a9299218) Importer(815301076,1909f56bfc062723c751e8b465ee728b)  -> (artifact id: 'e66f2efa2f4cc7535997a0ce9fdd421f') in 0.293001 seconds
  Import took 0.294823 seconds .

========================================================================
Received Import Request.
  Time since last request: 0.000119 seconds.
  path: Assets/Success Particles.prefab
  artifactKey: Guid(bb85dda163412634e9d46dab1957b235) Importer(815301076,1909f56bfc062723c751e8b465ee728b)
Start importing Assets/Success Particles.prefab using Guid(bb85dda163412634e9d46dab1957b235) Importer(815301076,1909f56bfc062723c751e8b465ee728b)  -> (artifact id: '583984d6e00a93960b234192f82d77be') in 0.009844 seconds
  Import took 0.011740 seconds .

========================================================================
Received Import Request.
  Time since last request: 0.000140 seconds.
  path: Assets/Directional Light.prefab
  artifactKey: Guid(17ce8278a6e5b4ab09efa75ac2b34610) Importer(815301076,1909f56bfc062723c751e8b465ee728b)
Start importing Assets/Directional Light.prefab using Guid(17ce8278a6e5b4ab09efa75ac2b34610) Importer(815301076,1909f56bfc062723c751e8b465ee728b)  -> (artifact id: '71bfd94b4f11f86c8e677e68fd33fdda') in 0.009593 seconds
  Import took 0.012258 seconds .

========================================================================
Received Import Request.
  Time since last request: 0.000209 seconds.
  path: Assets/Spotlight.prefab
  artifactKey: Guid(4efb28f38441d524b8338240cea9dbeb) Importer(815301076,1909f56bfc062723c751e8b465ee728b)
Start importing Assets/Spotlight.prefab using Guid(4efb28f38441d524b8338240cea9dbeb) Importer(815301076,1909f56bfc062723c751e8b465ee728b)  -> (artifact id: '50fc8b634cd414969c15c2b674797390') in 0.009424 seconds
  Import took 0.011463 seconds .

========================================================================
Received Import Request.
  Time since last request: 0.000142 seconds.
  path: Assets/Spotlight (1).prefab
  artifactKey: Guid(525e7d1f4c276ed45bff527904266ff5) Importer(815301076,1909f56bfc062723c751e8b465ee728b)
Start importing Assets/Spotlight (1).prefab using Guid(525e7d1f4c276ed45bff527904266ff5) Importer(815301076,1909f56bfc062723c751e8b465ee728b)  -> (artifact id: '64464580b14cf3659afcf1258c101030') in 0.008142 seconds
  Import took 0.010268 seconds .

========================================================================
Received Import Request.
  Time since last request: 0.000192 seconds.
  path: Assets/Main Camera.prefab
  artifactKey: Guid(04ba9cc1e9f7d42a19196588efaba3c0) Importer(815301076,1909f56bfc062723c751e8b465ee728b)
Start importing Assets/Main Camera.prefab using Guid(04ba9cc1e9f7d42a19196588efaba3c0) Importer(815301076,1909f56bfc062723c751e8b465ee728b)  -> (artifact id: '039f5199765b52b8195dba82b1f3a1dd') in 0.010124 seconds
  Import took 0.013065 seconds .

========================================================================
Received Import Request.
  Time since last request: 0.000189 seconds.
  path: Assets/Light_Landing_Pad.prefab
  artifactKey: Guid(29c6efe16577e544f9a7acf9d1641671) Importer(815301076,1909f56bfc062723c751e8b465ee728b)
Start importing Assets/Light_Landing_Pad.prefab using Guid(29c6efe16577e544f9a7acf9d1641671) Importer(815301076,1909f56bfc062723c751e8b465ee728b)  -> (artifact id: '4f3531ca46470ba470257ec0102f4620') in 0.007977 seconds
  Import took 0.011073 seconds .

========================================================================
Received Import Request.
  Time since last request: 0.000134 seconds.
  path: Assets/Success Particles 1.prefab
  artifactKey: Guid(bc9f686fe35d064459303d3814451a4b) Importer(815301076,1909f56bfc062723c751e8b465ee728b)
Start importing Assets/Success Particles 1.prefab using Guid(bc9f686fe35d064459303d3814451a4b) Importer(815301076,1909f56bfc062723c751e8b465ee728b)  -> (artifact id: '15da06ccc882c9772eeeb146f81c52c3') in 0.009705 seconds
  Import took 0.011406 seconds .

========================================================================
Received Import Request.
  Time since last request: 0.000123 seconds.
  path: Assets/Rocket Ship.prefab
  artifactKey: Guid(b50165df3e0f64bd38ace19f08d56c9d) Importer(815301076,1909f56bfc062723c751e8b465ee728b)
Start importing Assets/Rocket Ship.prefab using Guid(b50165df3e0f64bd38ace19f08d56c9d) Importer(815301076,1909f56bfc062723c751e8b465ee728b)  -> (artifact id: '71354aa6bb64c4714ca9a9981c4c2c17') in 0.038867 seconds
  Import took 0.041005 seconds .

========================================================================
Received Import Request.
  Time since last request: 56.839228 seconds.
  path: Assets/Levels/Level 1
  artifactKey: Guid(1cf1c09993fb64a8aa9b5387687a1c44) Importer(815301076,1909f56bfc062723c751e8b465ee728b)
Start importing Assets/Levels/Level 1 using Guid(1cf1c09993fb64a8aa9b5387687a1c44) Importer(815301076,1909f56bfc062723c751e8b465ee728b)  -> (artifact id: '5e7b0987dbb263d974e4149102493923') in 0.005693 seconds
  Import took 0.007422 seconds .

========================================================================
Received Import Request.
  Time since last request: 0.007092 seconds.
  path: Assets/Levels/Level 1
  artifactKey: Guid(1cf1c09993fb64a8aa9b5387687a1c44) Importer(815301076,1909f56bfc062723c751e8b465ee728b)
Start importing Assets/Levels/Level 1 using Guid(1cf1c09993fb64a8aa9b5387687a1c44) Importer(815301076,1909f56bfc062723c751e8b465ee728b)  -> (artifact id: '5e7b0987dbb263d974e4149102493923') in 0.001502 seconds
  Import took 0.003329 seconds .

========================================================================
Received Import Request.
  Time since last request: 0.043202 seconds.
  path: Assets/Levels/Level 1/LightingData.asset
  artifactKey: Guid(16700971609f84103b243fe67e9dde70) Importer(815301076,1909f56bfc062723c751e8b465ee728b)
Start importing Assets/Levels/Level 1/LightingData.asset using Guid(16700971609f84103b243fe67e9dde70) Importer(815301076,1909f56bfc062723c751e8b465ee728b) Lighting data asset ‘LightingData’ is incompatible with the current Unity version. Please use Generate Lighting to rebuild the lighting data.  Realtime Global Illumination cannot be used until the lighting data is rebuilt.

 -> (artifact id: '0ec43ca633e2e191453500eb486d0172') in 0.006964 seconds
  Import took 0.008981 seconds .

========================================================================
Received Import Request.
  Time since last request: 0.000227 seconds.
  path: Assets/Levels/Level 1/ReflectionProbe-0.exr
  artifactKey: Guid(bc6914b17872d484d95e8c29f1af48cc) Importer(815301076,1909f56bfc062723c751e8b465ee728b)
Start importing Assets/Levels/Level 1/ReflectionProbe-0.exr using Guid(bc6914b17872d484d95e8c29f1af48cc) Importer(815301076,1909f56bfc062723c751e8b465ee728b)  -> (artifact id: '94c596cd0a44e3a27d7188b9199c1b38') in 0.029219 seconds
  Import took 0.030911 seconds .

========================================================================
Received Import Request.
  Time since last request: 11.861979 seconds.
  path: Assets/Levels/Level 2/LightingData.asset
  artifactKey: Guid(69ba928c3f1754663a6f4d75b0c67255) Importer(815301076,1909f56bfc062723c751e8b465ee728b)
Start importing Assets/Levels/Level 2/LightingData.asset using Guid(69ba928c3f1754663a6f4d75b0c67255) Importer(815301076,1909f56bfc062723c751e8b465ee728b) Lighting data asset ‘LightingData’ is incompatible with the current Unity version. Please use Generate Lighting to rebuild the lighting data.  Realtime Global Illumination cannot be used until the lighting data is rebuilt.

 -> (artifact id: 'f9b86222f3b0680f55f45663ea78e57c') in 0.002048 seconds
  Import took 0.003915 seconds .

========================================================================
Received Import Request.
  Time since last request: 0.000165 seconds.
  path: Assets/Levels/Level 2/ReflectionProbe-0.exr
  artifactKey: Guid(8ff5fa36a0d9146538e748d1a75b6aad) Importer(815301076,1909f56bfc062723c751e8b465ee728b)
Start importing Assets/Levels/Level 2/ReflectionProbe-0.exr using Guid(8ff5fa36a0d9146538e748d1a75b6aad) Importer(815301076,1909f56bfc062723c751e8b465ee728b)  -> (artifact id: '7b1bab8ce6b04a6f7746e914a8e07c6e') in 0.016546 seconds
  Import took 0.018956 seconds .

========================================================================
Received Import Request.
  Time since last request: 1.687970 seconds.
  path: Assets/Environments/Backdrop.prefab
  artifactKey: Guid(524c16a7750caff47987782cf7a1d94c) Importer(815301076,1909f56bfc062723c751e8b465ee728b)
Start importing Assets/Environments/Backdrop.prefab using Guid(524c16a7750caff47987782cf7a1d94c) Importer(815301076,1909f56bfc062723c751e8b465ee728b)  -> (artifact id: 'fde381c4aa1022d80648c2f77f8b1e17') in 0.008696 seconds
  Import took 0.010565 seconds .

========================================================================
Received Import Request.
  Time since last request: 0.000173 seconds.
  path: Assets/Environments/Moving Obstacle (0).prefab
  artifactKey: Guid(7c2bbb03d6f9eef4a84aecf72b83dc1a) Importer(815301076,1909f56bfc062723c751e8b465ee728b)
Start importing Assets/Environments/Moving Obstacle (0).prefab using Guid(7c2bbb03d6f9eef4a84aecf72b83dc1a) Importer(815301076,1909f56bfc062723c751e8b465ee728b)  -> (artifact id: '5d8115ae2388dcfa2ff5ee2d3a2cb2bf') in 0.012309 seconds
  Import took 0.014017 seconds .

========================================================================
Received Import Request.
  Time since last request: 0.000281 seconds.
  path: Assets/Environments/Obstacle.prefab
  artifactKey: Guid(4e11d49a5825148049bd6786ad44dc08) Importer(815301076,1909f56bfc062723c751e8b465ee728b)
Start importing Assets/Environments/Obstacle.prefab using Guid(4e11d49a5825148049bd6786ad44dc08) Importer(815301076,1909f56bfc062723c751e8b465ee728b)  -> (artifact id: 'ed841801ce5c4ce157711db0fa17d8ec') in 0.010080 seconds
  Import took 0.012759 seconds .

========================================================================
Received Import Request.
  Time since last request: 0.000240 seconds.
  path: Assets/Environments/Landing Pad.prefab
  artifactKey: Guid(9786245835cb6da4db2f8f706a9ef886) Importer(815301076,1909f56bfc062723c751e8b465ee728b)
Start importing Assets/Environments/Landing Pad.prefab using Guid(9786245835cb6da4db2f8f706a9ef886) Importer(815301076,1909f56bfc062723c751e8b465ee728b)  -> (artifact id: '81474f73c5f5a2d23cad72697bd2a294') in 0.011431 seconds
  Import took 0.013940 seconds .

========================================================================
Received Import Request.
  Time since last request: 0.000240 seconds.
  path: Assets/Environments/Terrain.prefab
  artifactKey: Guid(1aaa299acdaf742a7b8f9c55da3dc0cb) Importer(815301076,1909f56bfc062723c751e8b465ee728b)
Start importing Assets/Environments/Terrain.prefab using Guid(1aaa299acdaf742a7b8f9c55da3dc0cb) Importer(815301076,1909f56bfc062723c751e8b465ee728b)  -> (artifact id: 'fe3d5be5159f5284efacf1e0d32e74cf') in 0.011145 seconds
  Import took 0.013335 seconds .

========================================================================
Received Import Request.
  Time since last request: 0.000311 seconds.
  path: Assets/Environments/Launch Pad.prefab
  artifactKey: Guid(d0f10fb9aead9414ea73e9a3f2713fa8) Importer(815301076,1909f56bfc062723c751e8b465ee728b)
Start importing Assets/Environments/Launch Pad.prefab using Guid(d0f10fb9aead9414ea73e9a3f2713fa8) Importer(815301076,1909f56bfc062723c751e8b465ee728b)  -> (artifact id: 'a54eac76305e47b70aa9721e9364480b') in 0.011958 seconds
  Import took 0.014363 seconds .

========================================================================
Received Import Request.
  Time since last request: 1.014641 seconds.
  path: Assets/Audio/Death_Explosion_SFX.ogg
  artifactKey: Guid(c08448b65096b4765bf118cb45380181) Importer(815301076,1909f56bfc062723c751e8b465ee728b)
Start importing Assets/Audio/Death_Explosion_SFX.ogg using Guid(c08448b65096b4765bf118cb45380181) Importer(815301076,1909f56bfc062723c751e8b465ee728b)  -> (artifact id: '3b5ff3f08f7219c74167e34c71e22c88') in 0.034109 seconds
  Import took 0.035753 seconds .

========================================================================
Received Import Request.
  Time since last request: 0.000128 seconds.
  path: Assets/Audio/Wind_Ambiance.prefab
  artifactKey: Guid(09f92535ff709d049855ba362a533578) Importer(815301076,1909f56bfc062723c751e8b465ee728b)
Start importing Assets/Audio/Wind_Ambiance.prefab using Guid(09f92535ff709d049855ba362a533578) Importer(815301076,1909f56bfc062723c751e8b465ee728b)  -> (artifact id: '06c13e23f4f066608f621e7eaad18342') in 0.006446 seconds
  Import took 0.008638 seconds .

========================================================================
Received Import Request.
  Time since last request: 0.000139 seconds.
  path: Assets/Audio/jingle_chime_03_positive.wav
  artifactKey: Guid(b78fac212d1704cba98350382a79409f) Importer(815301076,1909f56bfc062723c751e8b465ee728b)
Start importing Assets/Audio/jingle_chime_03_positive.wav using Guid(b78fac212d1704cba98350382a79409f) Importer(815301076,1909f56bfc062723c751e8b465ee728b)  -> (artifact id: '68288890951a11c9cb1c3f8fe868300a') in 0.014678 seconds
  Import took 0.016543 seconds .

========================================================================
Received Import Request.
  Time since last request: 0.000187 seconds.
  path: Assets/Audio/Wind_Ambiance.ogg
  artifactKey: Guid(ab4421aa89e36654ca6475855a1cf817) Importer(815301076,1909f56bfc062723c751e8b465ee728b)
Start importing Assets/Audio/Wind_Ambiance.ogg using Guid(ab4421aa89e36654ca6475855a1cf817) Importer(815301076,1909f56bfc062723c751e8b465ee728b)  -> (artifact id: 'c7b0329df727a871dcf24c8084a81edf') in 0.009737 seconds
  Import took 0.012043 seconds .

========================================================================
Received Import Request.
  Time since last request: 0.000226 seconds.
  path: Assets/Audio/Rocket_thruster_SFX.ogg
  artifactKey: Guid(0e846fd05617143c59d008c18b5cb126) Importer(815301076,1909f56bfc062723c751e8b465ee728b)
Start importing Assets/Audio/Rocket_thruster_SFX.ogg using Guid(0e846fd05617143c59d008c18b5cb126) Importer(815301076,1909f56bfc062723c751e8b465ee728b)  -> (artifact id: '7cd97ebd2dd3aa3ff268bd5770d3855f') in 0.010360 seconds
  Import took 0.012892 seconds .

========================================================================
Received Import Request.
  Time since last request: 4.115305 seconds.
  path: Assets/Levels/chompers.unity
  artifactKey: Guid(de9c081d1ae006247bb8224e42627eae) Importer(815301076,1909f56bfc062723c751e8b465ee728b)
Start importing Assets/Levels/chompers.unity using Guid(de9c081d1ae006247bb8224e42627eae) Importer(815301076,1909f56bfc062723c751e8b465ee728b)  -> (artifact id: '56f2a99fe243a30670c61559f8ea5a53') in 0.006458 seconds
  Import took 0.009032 seconds .

========================================================================
Received Prepare
Registering precompiled user dll's ...
Registered in 0.004699 seconds.
Begin MonoManager ReloadAssembly
Native extension for Lumin target not found
Native extension for LinuxStandalone target not found
Native extension for WindowsStandalone target not found
Native extension for OSXStandalone target not found
Native extension for WebGL target not found
Refreshing native plugins compatible for Editor in 0.34 ms, found 2 plugins.
Preloading 0 native plugins for Editor in 0.00 ms.
Mono: successfully reloaded assembly
- Completed reload, in  0.912 seconds
Platform modules already initialized, skipping
Refreshing native plugins compatible for Editor in 0.45 ms, found 2 plugins.
Preloading 0 native plugins for Editor in 0.00 ms.
Unloading 1130 Unused Serialized files (Serialized files now loaded: 0)
System memory in use before: 61.7 MB.
System memory in use after: 61.8 MB.

Unloading 22 unused Assets to reduce memory usage. Loaded Objects now: 1639.
Total: 2.807800 ms (FindLiveObjects: 0.226600 ms CreateObjectMapping: 0.125700 ms MarkObjects: 2.398600 ms  DeleteObjects: 0.055600 ms)

========================================================================
Received Prepare
Registering precompiled user dll's ...
Registered in 0.006132 seconds.
Begin MonoManager ReloadAssembly
Native extension for Lumin target not found
Native extension for LinuxStandalone target not found
Native extension for WindowsStandalone target not found
Native extension for OSXStandalone target not found
Native extension for WebGL target not found
Refreshing native plugins compatible for Editor in 0.32 ms, found 2 plugins.
Preloading 0 native plugins for Editor in 0.00 ms.
Mono: successfully reloaded assembly
- Completed reload, in  0.949 seconds
Platform modules already initialized, skipping
Refreshing native plugins compatible for Editor in 0.37 ms, found 2 plugins.
Preloading 0 native plugins for Editor in 0.00 ms.
Unloading 1130 Unused Serialized files (Serialized files now loaded: 0)
System memory in use before: 61.7 MB.
System memory in use after: 61.8 MB.

Unloading 22 unused Assets to reduce memory usage. Loaded Objects now: 1642.
Total: 2.469700 ms (FindLiveObjects: 0.210500 ms CreateObjectMapping: 0.070000 ms MarkObjects: 2.140600 ms  DeleteObjects: 0.047400 ms)

AssetImportWorkerClient::OnTransportError - code=2 error=End of file
